Start testing: Dec 10 12:28 Фінляндія (зима)
----------------------------------------------------------
1/4 Testing: AddFunctionTest.PositiveNumbers
1/4 Test: AddFunctionTest.PositiveNumbers
Command: "D:/repos/csad2526ki402varvarychroman3/Debug/unit_tests.exe" "--gtest_filter=AddFunctionTest.PositiveNumbers" "--gtest_also_run_disabled_tests"
Directory: D:/repos/csad2526ki402varvarychroman3
"AddFunctionTest.PositiveNumbers" start time: Dec 10 12:28 Фінляндія (зима)
Output:
----------------------------------------------------------
Note: Google Test filter = AddFunctionTest.PositiveNumbers
[==========] Running 1 test from 1 test suite.
[----------] Global test environment set-up.
[----------] 1 test from AddFunctionTest
[ RUN      ] AddFunctionTest.PositiveNumbers
[       OK ] AddFunctionTest.PositiveNumbers (0 ms)
[----------] 1 test from AddFunctionTest (0 ms total)

[----------] Global test environment tear-down
[==========] 1 test from 1 test suite ran. (0 ms total)
[  PASSED  ] 1 test.
<end of output>
Test time =   0.01 sec
----------------------------------------------------------
Test Passed.
"AddFunctionTest.PositiveNumbers" end time: Dec 10 12:28 Фінляндія (зима)
"AddFunctionTest.PositiveNumbers" time elapsed: 00:00:00
----------------------------------------------------------

2/4 Testing: AddFunctionTest.NegativeNumbers
2/4 Test: AddFunctionTest.NegativeNumbers
Command: "D:/repos/csad2526ki402varvarychroman3/Debug/unit_tests.exe" "--gtest_filter=AddFunctionTest.NegativeNumbers" "--gtest_also_run_disabled_tests"
Directory: D:/repos/csad2526ki402varvarychroman3
"AddFunctionTest.NegativeNumbers" start time: Dec 10 12:28 Фінляндія (зима)
Output:
----------------------------------------------------------
Note: Google Test filter = AddFunctionTest.NegativeNumbers
[==========] Running 1 test from 1 test suite.
[----------] Global test environment set-up.
[----------] 1 test from AddFunctionTest
[ RUN      ] AddFunctionTest.NegativeNumbers
[       OK ] AddFunctionTest.NegativeNumbers (0 ms)
[----------] 1 test from AddFunctionTest (0 ms total)

[----------] Global test environment tear-down
[==========] 1 test from 1 test suite ran. (0 ms total)
[  PASSED  ] 1 test.
<end of output>
Test time =   0.01 sec
----------------------------------------------------------
Test Passed.
"AddFunctionTest.NegativeNumbers" end time: Dec 10 12:28 Фінляндія (зима)
"AddFunctionTest.NegativeNumbers" time elapsed: 00:00:00
----------------------------------------------------------

3/4 Testing: AddFunctionTest.MixedNumbers
3/4 Test: AddFunctionTest.MixedNumbers
Command: "D:/repos/csad2526ki402varvarychroman3/Debug/unit_tests.exe" "--gtest_filter=AddFunctionTest.MixedNumbers" "--gtest_also_run_disabled_tests"
Directory: D:/repos/csad2526ki402varvarychroman3
"AddFunctionTest.MixedNumbers" start time: Dec 10 12:28 Фінляндія (зима)
Output:
----------------------------------------------------------
Note: Google Test filter = AddFunctionTest.MixedNumbers
[==========] Running 1 test from 1 test suite.
[----------] Global test environment set-up.
[----------] 1 test from AddFunctionTest
[ RUN      ] AddFunctionTest.MixedNumbers
[       OK ] AddFunctionTest.MixedNumbers (0 ms)
[----------] 1 test from AddFunctionTest (0 ms total)

[----------] Global test environment tear-down
[==========] 1 test from 1 test suite ran. (0 ms total)
[  PASSED  ] 1 test.
<end of output>
Test time =   0.01 sec
----------------------------------------------------------
Test Passed.
"AddFunctionTest.MixedNumbers" end time: Dec 10 12:28 Фінляндія (зима)
"AddFunctionTest.MixedNumbers" time elapsed: 00:00:00
----------------------------------------------------------

4/4 Testing: AddFunctionTest.Zero
4/4 Test: AddFunctionTest.Zero
Command: "D:/repos/csad2526ki402varvarychroman3/Debug/unit_tests.exe" "--gtest_filter=AddFunctionTest.Zero" "--gtest_also_run_disabled_tests"
Directory: D:/repos/csad2526ki402varvarychroman3
"AddFunctionTest.Zero" start time: Dec 10 12:28 Фінляндія (зима)
Output:
----------------------------------------------------------
Note: Google Test filter = AddFunctionTest.Zero
[==========] Running 1 test from 1 test suite.
[----------] Global test environment set-up.
[----------] 1 test from AddFunctionTest
[ RUN      ] AddFunctionTest.Zero
[       OK ] AddFunctionTest.Zero (0 ms)
[----------] 1 test from AddFunctionTest (0 ms total)

[----------] Global test environment tear-down
[==========] 1 test from 1 test suite ran. (0 ms total)
[  PASSED  ] 1 test.
<end of output>
Test time =   0.01 sec
----------------------------------------------------------
Test Passed.
"AddFunctionTest.Zero" end time: Dec 10 12:28 Фінляндія (зима)
"AddFunctionTest.Zero" time elapsed: 00:00:00
----------------------------------------------------------

End testing: Dec 10 12:28 Фінляндія (зима)
